<?xml version="1.0" encoding="UTF-8"?>
<testng-results skipped="0" failed="1" total="12" passed="11">
  <reporter-output>
  </reporter-output>
  <suite name="NSE_Test_Suite" duration-ms="117518" started-at="2016-05-01T16:34:15Z" finished-at="2016-05-01T16:36:12Z">
    <groups>
    </groups>
    <test name="Stock_Watch_Tests" duration-ms="117518" started-at="2016-05-01T16:34:15Z" finished-at="2016-05-01T16:36:12Z">
      <class name="com.stocksValidation.ChangePercentValidationTest">
        <test-method status="PASS" signature="setDriver(java.lang.String, java.lang.String, java.lang.String)[pri:0, instance:com.stocksValidation.ChangePercentValidationTest@c038203]" name="setDriver" is-config="true" duration-ms="7977" started-at="2016-05-01T22:05:30Z" finished-at="2016-05-01T22:05:38Z">
          <params>
            <param index="0">
              <value>
                <![CDATA[https://www1.nseindia.com]]>
              </value>
            </param>
            <param index="1">
              <value>
                <![CDATA[/live_market/dynaContent/live_watch/equities_stock_watch.htm#]]>
              </value>
            </param>
            <param index="2">
              <value>
                <![CDATA[Firefox]]>
              </value>
            </param>
          </params>
          <reporter-output>
          </reporter-output>
        </test-method> <!-- setDriver -->
        <test-method status="FAIL" signature="validateChangePercentAllStocks()[pri:0, instance:com.stocksValidation.ChangePercentValidationTest@c038203]" name="validateChangePercentAllStocks" duration-ms="10512" started-at="2016-05-01T22:05:38Z" finished-at="2016-05-01T22:05:48Z">
          <exception class="java.lang.AssertionError">
            <message>
              <![CDATA[expected [true] but found [false]]]>
            </message>
            <full-stacktrace>
              <![CDATA[java.lang.AssertionError: expected [true] but found [false]
	at org.testng.Assert.fail(Assert.java:94)
	at org.testng.Assert.failNotEquals(Assert.java:513)
	at org.testng.Assert.assertTrue(Assert.java:42)
	at org.testng.Assert.assertTrue(Assert.java:52)
	at com.stocksValidation.ChangePercentValidationTest.validateChangePercentAllStocks(ChangePercentValidationTest.java:69)
	at sun.reflect.NativeMethodAccessorImpl.invoke0(Native Method)
	at sun.reflect.NativeMethodAccessorImpl.invoke(NativeMethodAccessorImpl.java:62)
	at sun.reflect.DelegatingMethodAccessorImpl.invoke(DelegatingMethodAccessorImpl.java:43)
	at java.lang.reflect.Method.invoke(Method.java:498)
	at org.testng.internal.MethodInvocationHelper.invokeMethod(MethodInvocationHelper.java:86)
	at org.testng.internal.Invoker.invokeMethod(Invoker.java:643)
	at org.testng.internal.Invoker.invokeTestMethod(Invoker.java:820)
	at org.testng.internal.Invoker.invokeTestMethods(Invoker.java:1128)
	at org.testng.internal.TestMethodWorker.invokeTestMethods(TestMethodWorker.java:129)
	at org.testng.internal.TestMethodWorker.run(TestMethodWorker.java:112)
	at org.testng.TestRunner.privateRun(TestRunner.java:782)
	at org.testng.TestRunner.run(TestRunner.java:632)
	at org.testng.SuiteRunner.runTest(SuiteRunner.java:366)
	at org.testng.SuiteRunner.runSequentially(SuiteRunner.java:361)
	at org.testng.SuiteRunner.privateRun(SuiteRunner.java:319)
	at org.testng.SuiteRunner.run(SuiteRunner.java:268)
	at org.testng.SuiteRunnerWorker.runSuite(SuiteRunnerWorker.java:52)
	at org.testng.SuiteRunnerWorker.run(SuiteRunnerWorker.java:86)
	at org.testng.TestNG.runSuitesSequentially(TestNG.java:1244)
	at org.testng.TestNG.runSuitesLocally(TestNG.java:1169)
	at org.testng.TestNG.run(TestNG.java:1064)
	at org.testng.remote.AbstractRemoteTestNG.run(AbstractRemoteTestNG.java:126)
	at org.testng.remote.RemoteTestNG.initAndRun(RemoteTestNG.java:137)
	at org.testng.remote.RemoteTestNG.main(RemoteTestNG.java:58)
]]>
            </full-stacktrace>
          </exception> <!-- java.lang.AssertionError -->
          <reporter-output>
          </reporter-output>
        </test-method> <!-- validateChangePercentAllStocks -->
        <test-method status="PASS" signature="tearDown()[pri:0, instance:com.stocksValidation.ChangePercentValidationTest@c038203]" name="tearDown" is-config="true" duration-ms="76" started-at="2016-05-01T22:05:48Z" finished-at="2016-05-01T22:05:48Z">
          <reporter-output>
          </reporter-output>
        </test-method> <!-- tearDown -->
        <test-method status="PASS" signature="setDriver(java.lang.String, java.lang.String, java.lang.String)[pri:0, instance:com.stocksValidation.ChangePercentValidationTest@c038203]" name="setDriver" is-config="true" duration-ms="6845" started-at="2016-05-01T22:05:48Z" finished-at="2016-05-01T22:05:55Z">
          <params>
            <param index="0">
              <value>
                <![CDATA[https://www1.nseindia.com]]>
              </value>
            </param>
            <param index="1">
              <value>
                <![CDATA[/live_market/dynaContent/live_watch/equities_stock_watch.htm#]]>
              </value>
            </param>
            <param index="2">
              <value>
                <![CDATA[Firefox]]>
              </value>
            </param>
          </params>
          <reporter-output>
          </reporter-output>
        </test-method> <!-- setDriver -->
        <test-method status="PASS" signature="validateChangePercentNiftyCumulative()[pri:0, instance:com.stocksValidation.ChangePercentValidationTest@c038203]" name="validateChangePercentNiftyCumulative" duration-ms="276" started-at="2016-05-01T22:05:55Z" finished-at="2016-05-01T22:05:55Z">
          <reporter-output>
          </reporter-output>
        </test-method> <!-- validateChangePercentNiftyCumulative -->
        <test-method status="PASS" signature="tearDown()[pri:0, instance:com.stocksValidation.ChangePercentValidationTest@c038203]" name="tearDown" is-config="true" duration-ms="73" started-at="2016-05-01T22:05:55Z" finished-at="2016-05-01T22:05:55Z">
          <reporter-output>
          </reporter-output>
        </test-method> <!-- tearDown -->
        <test-method status="PASS" signature="setDriver(java.lang.String, java.lang.String, java.lang.String)[pri:0, instance:com.stocksValidation.ChangePercentValidationTest@c038203]" name="setDriver" is-config="true" duration-ms="6616" started-at="2016-05-01T22:05:55Z" finished-at="2016-05-01T22:06:02Z">
          <params>
            <param index="0">
              <value>
                <![CDATA[https://www1.nseindia.com]]>
              </value>
            </param>
            <param index="1">
              <value>
                <![CDATA[/live_market/dynaContent/live_watch/equities_stock_watch.htm#]]>
              </value>
            </param>
            <param index="2">
              <value>
                <![CDATA[Firefox]]>
              </value>
            </param>
          </params>
          <reporter-output>
          </reporter-output>
        </test-method> <!-- setDriver -->
        <test-method status="PASS" signature="validateColumnHeadings()[pri:0, instance:com.stocksValidation.ChangePercentValidationTest@c038203]" name="validateColumnHeadings" duration-ms="204" started-at="2016-05-01T22:06:02Z" finished-at="2016-05-01T22:06:02Z">
          <reporter-output>
          </reporter-output>
        </test-method> <!-- validateColumnHeadings -->
        <test-method status="PASS" signature="tearDown()[pri:0, instance:com.stocksValidation.ChangePercentValidationTest@c038203]" name="tearDown" is-config="true" duration-ms="80" started-at="2016-05-01T22:06:02Z" finished-at="2016-05-01T22:06:02Z">
          <reporter-output>
          </reporter-output>
        </test-method> <!-- tearDown -->
      </class> <!-- com.stocksValidation.ChangePercentValidationTest -->
      <class name="com.stocksValidation.StockAdvanceTest">
        <test-method status="PASS" signature="setDriver(java.lang.String, java.lang.String, java.lang.String)[pri:0, instance:com.stocksValidation.StockAdvanceTest@6767c1fc]" name="setDriver" is-config="true" duration-ms="8044" started-at="2016-05-01T22:04:34Z" finished-at="2016-05-01T22:04:42Z">
          <params>
            <param index="0">
              <value>
                <![CDATA[https://www1.nseindia.com]]>
              </value>
            </param>
            <param index="1">
              <value>
                <![CDATA[/live_market/dynaContent/live_watch/equities_stock_watch.htm#]]>
              </value>
            </param>
            <param index="2">
              <value>
                <![CDATA[Firefox]]>
              </value>
            </param>
          </params>
          <reporter-output>
          </reporter-output>
        </test-method> <!-- setDriver -->
        <test-method status="PASS" signature="matchAdvancesInHeadingAndTable()[pri:0, instance:com.stocksValidation.StockAdvanceTest@6767c1fc]" name="matchAdvancesInHeadingAndTable" duration-ms="2266" started-at="2016-05-01T22:04:42Z" finished-at="2016-05-01T22:04:44Z">
          <reporter-output>
          </reporter-output>
        </test-method> <!-- matchAdvancesInHeadingAndTable -->
        <test-method status="PASS" signature="tearDown()[pri:0, instance:com.stocksValidation.StockAdvanceTest@6767c1fc]" name="tearDown" is-config="true" duration-ms="73" started-at="2016-05-01T22:04:44Z" finished-at="2016-05-01T22:04:44Z">
          <reporter-output>
          </reporter-output>
        </test-method> <!-- tearDown -->
        <test-method status="PASS" signature="setDriver(java.lang.String, java.lang.String, java.lang.String)[pri:0, instance:com.stocksValidation.StockAdvanceTest@6767c1fc]" name="setDriver" is-config="true" duration-ms="8114" started-at="2016-05-01T22:04:44Z" finished-at="2016-05-01T22:04:52Z">
          <params>
            <param index="0">
              <value>
                <![CDATA[https://www1.nseindia.com]]>
              </value>
            </param>
            <param index="1">
              <value>
                <![CDATA[/live_market/dynaContent/live_watch/equities_stock_watch.htm#]]>
              </value>
            </param>
            <param index="2">
              <value>
                <![CDATA[Firefox]]>
              </value>
            </param>
          </params>
          <reporter-output>
          </reporter-output>
        </test-method> <!-- setDriver -->
        <test-method status="PASS" signature="validateFirstElementIsAdvances()[pri:0, instance:com.stocksValidation.StockAdvanceTest@6767c1fc]" name="validateFirstElementIsAdvances" duration-ms="93" started-at="2016-05-01T22:04:52Z" finished-at="2016-05-01T22:04:52Z">
          <reporter-output>
          </reporter-output>
        </test-method> <!-- validateFirstElementIsAdvances -->
        <test-method status="PASS" signature="tearDown()[pri:0, instance:com.stocksValidation.StockAdvanceTest@6767c1fc]" name="tearDown" is-config="true" duration-ms="81" started-at="2016-05-01T22:04:52Z" finished-at="2016-05-01T22:04:52Z">
          <reporter-output>
          </reporter-output>
        </test-method> <!-- tearDown -->
        <test-method status="PASS" signature="setDriver(java.lang.String, java.lang.String, java.lang.String)[pri:0, instance:com.stocksValidation.StockAdvanceTest@6767c1fc]" name="setDriver" is-config="true" duration-ms="8213" started-at="2016-05-01T22:04:52Z" finished-at="2016-05-01T22:05:00Z">
          <params>
            <param index="0">
              <value>
                <![CDATA[https://www1.nseindia.com]]>
              </value>
            </param>
            <param index="1">
              <value>
                <![CDATA[/live_market/dynaContent/live_watch/equities_stock_watch.htm#]]>
              </value>
            </param>
            <param index="2">
              <value>
                <![CDATA[Firefox]]>
              </value>
            </param>
          </params>
          <reporter-output>
          </reporter-output>
        </test-method> <!-- setDriver -->
        <test-method status="PASS" signature="validateSecondElementInAdvacesIsInt()[pri:0, instance:com.stocksValidation.StockAdvanceTest@6767c1fc]" name="validateSecondElementInAdvacesIsInt" duration-ms="98" started-at="2016-05-01T22:05:00Z" finished-at="2016-05-01T22:05:01Z">
          <reporter-output>
          </reporter-output>
        </test-method> <!-- validateSecondElementInAdvacesIsInt -->
        <test-method status="PASS" signature="tearDown()[pri:0, instance:com.stocksValidation.StockAdvanceTest@6767c1fc]" name="tearDown" is-config="true" duration-ms="84" started-at="2016-05-01T22:05:01Z" finished-at="2016-05-01T22:05:01Z">
          <reporter-output>
          </reporter-output>
        </test-method> <!-- tearDown -->
      </class> <!-- com.stocksValidation.StockAdvanceTest -->
      <class name="com.stocksValidation.PageSetupTest">
        <test-method status="PASS" signature="setDriver(java.lang.String, java.lang.String, java.lang.String)[pri:0, instance:com.stocksValidation.PageSetupTest@4678c730]" name="setDriver" is-config="true" duration-ms="10330" started-at="2016-05-01T22:04:15Z" finished-at="2016-05-01T22:04:25Z">
          <params>
            <param index="0">
              <value>
                <![CDATA[https://www1.nseindia.com]]>
              </value>
            </param>
            <param index="1">
              <value>
                <![CDATA[/live_market/dynaContent/live_watch/equities_stock_watch.htm#]]>
              </value>
            </param>
            <param index="2">
              <value>
                <![CDATA[Firefox]]>
              </value>
            </param>
          </params>
          <reporter-output>
          </reporter-output>
        </test-method> <!-- setDriver -->
        <test-method status="PASS" signature="validateStocksPageLoads(java.lang.String)[pri:0, instance:com.stocksValidation.PageSetupTest@4678c730]" name="validateStocksPageLoads" duration-ms="36" started-at="2016-05-01T22:04:25Z" finished-at="2016-05-01T22:04:25Z">
          <params>
            <param index="0">
              <value>
                <![CDATA[NSE - National Stock Exchange of India Ltd.]]>
              </value>
            </param>
          </params>
          <reporter-output>
          </reporter-output>
        </test-method> <!-- validateStocksPageLoads -->
        <test-method status="PASS" signature="tearDown()[pri:0, instance:com.stocksValidation.PageSetupTest@4678c730]" name="tearDown" is-config="true" duration-ms="92" started-at="2016-05-01T22:04:25Z" finished-at="2016-05-01T22:04:25Z">
          <reporter-output>
          </reporter-output>
        </test-method> <!-- tearDown -->
        <test-method status="PASS" signature="setDriver(java.lang.String, java.lang.String, java.lang.String)[pri:0, instance:com.stocksValidation.PageSetupTest@4678c730]" name="setDriver" is-config="true" duration-ms="8167" started-at="2016-05-01T22:04:25Z" finished-at="2016-05-01T22:04:33Z">
          <params>
            <param index="0">
              <value>
                <![CDATA[https://www1.nseindia.com]]>
              </value>
            </param>
            <param index="1">
              <value>
                <![CDATA[/live_market/dynaContent/live_watch/equities_stock_watch.htm#]]>
              </value>
            </param>
            <param index="2">
              <value>
                <![CDATA[Firefox]]>
              </value>
            </param>
          </params>
          <reporter-output>
          </reporter-output>
        </test-method> <!-- setDriver -->
        <test-method status="PASS" signature="validateStocksPageUIelements()[pri:0, instance:com.stocksValidation.PageSetupTest@4678c730]" name="validateStocksPageUIelements" duration-ms="28" started-at="2016-05-01T22:04:33Z" finished-at="2016-05-01T22:04:33Z">
          <reporter-output>
          </reporter-output>
        </test-method> <!-- validateStocksPageUIelements -->
        <test-method status="PASS" signature="tearDown()[pri:0, instance:com.stocksValidation.PageSetupTest@4678c730]" name="tearDown" is-config="true" duration-ms="83" started-at="2016-05-01T22:04:33Z" finished-at="2016-05-01T22:04:34Z">
          <reporter-output>
          </reporter-output>
        </test-method> <!-- tearDown -->
      </class> <!-- com.stocksValidation.PageSetupTest -->
      <class name="com.stocksValidation.StockDeclineTest">
        <test-method status="PASS" signature="setDriver(java.lang.String, java.lang.String, java.lang.String)[pri:0, instance:com.stocksValidation.StockDeclineTest@29ee9faa]" name="setDriver" is-config="true" duration-ms="8163" started-at="2016-05-01T22:05:01Z" finished-at="2016-05-01T22:05:09Z">
          <params>
            <param index="0">
              <value>
                <![CDATA[https://www1.nseindia.com]]>
              </value>
            </param>
            <param index="1">
              <value>
                <![CDATA[/live_market/dynaContent/live_watch/equities_stock_watch.htm#]]>
              </value>
            </param>
            <param index="2">
              <value>
                <![CDATA[Firefox]]>
              </value>
            </param>
          </params>
          <reporter-output>
          </reporter-output>
        </test-method> <!-- setDriver -->
        <test-method status="PASS" signature="matchDeclinesInHeadingAndTable()[pri:0, instance:com.stocksValidation.StockDeclineTest@29ee9faa]" name="matchDeclinesInHeadingAndTable" duration-ms="3890" started-at="2016-05-01T22:05:09Z" finished-at="2016-05-01T22:05:13Z">
          <reporter-output>
          </reporter-output>
        </test-method> <!-- matchDeclinesInHeadingAndTable -->
        <test-method status="PASS" signature="tearDown()[pri:0, instance:com.stocksValidation.StockDeclineTest@29ee9faa]" name="tearDown" is-config="true" duration-ms="83" started-at="2016-05-01T22:05:13Z" finished-at="2016-05-01T22:05:13Z">
          <reporter-output>
          </reporter-output>
        </test-method> <!-- tearDown -->
        <test-method status="PASS" signature="setDriver(java.lang.String, java.lang.String, java.lang.String)[pri:0, instance:com.stocksValidation.StockDeclineTest@29ee9faa]" name="setDriver" is-config="true" duration-ms="8237" started-at="2016-05-01T22:05:13Z" finished-at="2016-05-01T22:05:21Z">
          <params>
            <param index="0">
              <value>
                <![CDATA[https://www1.nseindia.com]]>
              </value>
            </param>
            <param index="1">
              <value>
                <![CDATA[/live_market/dynaContent/live_watch/equities_stock_watch.htm#]]>
              </value>
            </param>
            <param index="2">
              <value>
                <![CDATA[Firefox]]>
              </value>
            </param>
          </params>
          <reporter-output>
          </reporter-output>
        </test-method> <!-- setDriver -->
        <test-method status="PASS" signature="validateFirstElementIsDeclines()[pri:0, instance:com.stocksValidation.StockDeclineTest@29ee9faa]" name="validateFirstElementIsDeclines" duration-ms="88" started-at="2016-05-01T22:05:21Z" finished-at="2016-05-01T22:05:21Z">
          <reporter-output>
          </reporter-output>
        </test-method> <!-- validateFirstElementIsDeclines -->
        <test-method status="PASS" signature="tearDown()[pri:0, instance:com.stocksValidation.StockDeclineTest@29ee9faa]" name="tearDown" is-config="true" duration-ms="81" started-at="2016-05-01T22:05:21Z" finished-at="2016-05-01T22:05:21Z">
          <reporter-output>
          </reporter-output>
        </test-method> <!-- tearDown -->
        <test-method status="PASS" signature="setDriver(java.lang.String, java.lang.String, java.lang.String)[pri:0, instance:com.stocksValidation.StockDeclineTest@29ee9faa]" name="setDriver" is-config="true" duration-ms="8347" started-at="2016-05-01T22:05:21Z" finished-at="2016-05-01T22:05:30Z">
          <params>
            <param index="0">
              <value>
                <![CDATA[https://www1.nseindia.com]]>
              </value>
            </param>
            <param index="1">
              <value>
                <![CDATA[/live_market/dynaContent/live_watch/equities_stock_watch.htm#]]>
              </value>
            </param>
            <param index="2">
              <value>
                <![CDATA[Firefox]]>
              </value>
            </param>
          </params>
          <reporter-output>
          </reporter-output>
        </test-method> <!-- setDriver -->
        <test-method status="PASS" signature="validateSecondElementInDeclinesIsInt()[pri:0, instance:com.stocksValidation.StockDeclineTest@29ee9faa]" name="validateSecondElementInDeclinesIsInt" duration-ms="89" started-at="2016-05-01T22:05:30Z" finished-at="2016-05-01T22:05:30Z">
          <reporter-output>
          </reporter-output>
        </test-method> <!-- validateSecondElementInDeclinesIsInt -->
        <test-method status="PASS" signature="tearDown()[pri:0, instance:com.stocksValidation.StockDeclineTest@29ee9faa]" name="tearDown" is-config="true" duration-ms="82" started-at="2016-05-01T22:05:30Z" finished-at="2016-05-01T22:05:30Z">
          <reporter-output>
          </reporter-output>
        </test-method> <!-- tearDown -->
      </class> <!-- com.stocksValidation.StockDeclineTest -->
      <class name="com.stocksValidation.ChangePercentDescendingTest">
        <test-method status="PASS" signature="setDriver(java.lang.String, java.lang.String, java.lang.String)[pri:0, instance:com.stocksValidation.ChangePercentDescendingTest@cc285f4]" name="setDriver" is-config="true" duration-ms="6517" started-at="2016-05-01T22:06:02Z" finished-at="2016-05-01T22:06:09Z">
          <params>
            <param index="0">
              <value>
                <![CDATA[https://www1.nseindia.com]]>
              </value>
            </param>
            <param index="1">
              <value>
                <![CDATA[/live_market/dynaContent/live_watch/equities_stock_watch.htm#]]>
              </value>
            </param>
            <param index="2">
              <value>
                <![CDATA[Firefox]]>
              </value>
            </param>
          </params>
          <reporter-output>
          </reporter-output>
        </test-method> <!-- setDriver -->
        <test-method status="PASS" signature="changePercentIsDescending()[pri:0, instance:com.stocksValidation.ChangePercentDescendingTest@cc285f4]" name="changePercentIsDescending" duration-ms="3326" started-at="2016-05-01T22:06:09Z" finished-at="2016-05-01T22:06:12Z">
          <reporter-output>
          </reporter-output>
        </test-method> <!-- changePercentIsDescending -->
        <test-method status="PASS" signature="tearDown()[pri:0, instance:com.stocksValidation.ChangePercentDescendingTest@cc285f4]" name="tearDown" is-config="true" duration-ms="93" started-at="2016-05-01T22:06:12Z" finished-at="2016-05-01T22:06:12Z">
          <reporter-output>
          </reporter-output>
        </test-method> <!-- tearDown -->
      </class> <!-- com.stocksValidation.ChangePercentDescendingTest -->
    </test> <!-- Stock_Watch_Tests -->
  </suite> <!-- NSE_Test_Suite -->
</testng-results>
