<?xml version="1.0" encoding="UTF-8"?>
<!-- Generated by org.testng.reporters.JUnitXMLReporter -->
<testsuite hostname="localhost" name="Stock_Watch_Tests" tests="12" failures="1" timestamp="1 May 2016 16:36:12 GMT" time="117.518" errors="0">
  <testcase name="validateStocksPageLoads" time="0.036" classname="com.stocksValidation.PageSetupTest"/>
  <testcase name="validateStocksPageUIelements" time="0.028" classname="com.stocksValidation.PageSetupTest"/>
  <testcase name="matchAdvancesInHeadingAndTable" time="2.266" classname="com.stocksValidation.StockAdvanceTest"/>
  <testcase name="validateFirstElementIsAdvances" time="0.093" classname="com.stocksValidation.StockAdvanceTest"/>
  <testcase name="validateSecondElementInAdvacesIsInt" time="0.098" classname="com.stocksValidation.StockAdvanceTest"/>
  <testcase name="matchDeclinesInHeadingAndTable" time="3.89" classname="com.stocksValidation.StockDeclineTest"/>
  <testcase name="validateFirstElementIsDeclines" time="0.088" classname="com.stocksValidation.StockDeclineTest"/>
  <testcase name="validateSecondElementInDeclinesIsInt" time="0.089" classname="com.stocksValidation.StockDeclineTest"/>
  <testcase name="validateChangePercentAllStocks" time="10.512" classname="com.stocksValidation.ChangePercentValidationTest">
    <failure type="java.lang.AssertionError" message="expected [true] but found [false]">
      <![CDATA[java.lang.AssertionError: expected [true] but found [false]
	at com.stocksValidation.ChangePercentValidationTest.validateChangePercentAllStocks(ChangePercentValidationTest.java:69)
... Removed 28 stack frames]]>
    </failure>
  </testcase> <!-- validateChangePercentAllStocks -->
  <testcase name="validateChangePercentNiftyCumulative" time="0.276" classname="com.stocksValidation.ChangePercentValidationTest"/>
  <testcase name="validateColumnHeadings" time="0.204" classname="com.stocksValidation.ChangePercentValidationTest"/>
  <testcase name="changePercentIsDescending" time="3.326" classname="com.stocksValidation.ChangePercentDescendingTest"/>
</testsuite> <!-- Stock_Watch_Tests -->
